<?xml version='1.0' encoding='UTF-8'?>
<testsuite hostname="LAPTOP-CBBT9TSP" name="MySuite" tests="1" errors="0" failures="0" skipped="0" time="0.052" timestamp="2023-11-01T20:16:53">
          <properties>
      <property name="java.specification.version" value="17"/><property name="sun.cpu.isalist" value="amd64"/><property name="sun.jnu.encoding" value="Cp1252"/><property name="sun.arch.data.model" value="64"/><property name="java.vendor.url" value="https://adoptium.net/"/><property name="sun.boot.library.path" value="C:\Program Files\Eclipse Adoptium\jdk-17.0.1.12-hotspot\bin"/><property name="sun.java.command" value="xsbt.boot.Boot"/><property name="jdk.debug" value="release"/><property name="sun.stderr.encoding" value="cp850"/><property name="java.specification.vendor" value="Oracle Corporation"/><property name="java.version.date" value="2021-10-19"/><property name="java.home" value="C:\Program Files\Eclipse Adoptium\jdk-17.0.1.12-hotspot"/><property name="file.separator" value="\"/><property name="java.vm.compressedOopsMode" value="32-bit"/><property name="line.separator" value="
"/><property name="sun.stdout.encoding" value="cp850"/><property name="java.vm.specification.vendor" value="Oracle Corporation"/><property name="java.specification.name" value="Java Platform API Specification"/><property name="user.script" value=""/><property name="sun.management.compiler" value="HotSpot 64-Bit Tiered Compilers"/><property name="java.runtime.version" value="17.0.1+12"/><property name="user.name" value="grego"/><property name="log4j.ignoreTCL" value="true"/><property name="file.encoding" value="UTF-8"/><property name="jnidispatch.path" value="C:\Users\grego\AppData\Local\Temp\jna-98619202\jna14176160862020785839.dll"/><property name="java.vendor.version" value="Temurin-17.0.1+12"/><property name="jna.loaded" value="true"/><property name="java.io.tmpdir" value="C:\Users\grego\AppData\Local\Temp\"/><property name="java.version" value="17.0.1"/><property name="java.vm.specification.name" value="Java Virtual Machine Specification"/><property name="sun.os.patch.level" value=""/><property name="native.encoding" value="Cp1252"/><property name="java.library.path" value="C:\Program Files\Eclipse Adoptium\jdk-17.0.1.12-hotspot\bin;C:\WINDOWS\Sun\Java\bin;C:\WINDOWS\system32;C:\WINDOWS;C:\Program Files\Eclipse Adoptium\jdk-17.0.1.12-hotspot\bin;C:\Program Files\Common Files\Oracle\Java\javapath;C:\WINDOWS\system32;C:\WINDOWS;C:\WINDOWS\System32\Wbem;C:\WINDOWS\System32\WindowsPowerShell\v1.0\;C:\WINDOWS\System32\OpenSSH\;C:\Program Files\dotnet\;C:\Program Files\Java\jdk-11.0.13\bin;C:\Program Files (x86)\sbt\bin;C:\Gradle\gradle-8.3\bin;C:\Program Files\Git\cmd;C:\Users\grego\AppData\Local\Coursier\data\bin;C:\Users\grego\AppData\Local\Programs\Python\Python310\Scripts\;C:\Users\grego\AppData\Local\Programs\Python\Python310\;C:\Users\grego\AppData\Local\Microsoft\WindowsApps;C:\Program Files\JetBrains\PyCharm Community Edition 2021.2.3\bin;C:\Users\grego\AppData\Local\Programs\Microsoft VS Code\bin;C:\Users\grego\.dotnet\tools;C:\Program Files\JetBrains\IntelliJ IDEA Community Edition 2021.3\bin;C:\ghcup\bin;C:\Users\grego\AppData\Local\Microsoft\WindowsApps;C:\Users\grego\AppData\Local\GitHubDesktop\bin;C:\Program Files\Java\jdk-11.0.13\bin;;C:\Users\grego\AppData\Local\Coursier\data\bin;."/><property name="java.vendor" value="Eclipse Adoptium"/><property name="scala.ext.dirs" value="C:\Users\grego\.sbt\1.0\java9-rt-ext-eclipse_adoptium_17_0_1"/><property name="sun.io.unicode.encoding" value="UnicodeLittle"/><property name="java.class.path" value="C:\Program Files (x86)\sbt\\bin\sbt-launch.jar"/><property name="java.vm.vendor" value="Eclipse Adoptium"/><property name="user.variant" value=""/><property name="jline.shutdownhook" value="false"/><property name="user.timezone" value="Europe/London"/><property name="java.vm.specification.version" value="17"/><property name="os.name" value="Windows 10"/><property name="sun.java.launcher" value="SUN_STANDARD"/><property name="user.country" value="GB"/><property name="sun.cpu.endian" value="little"/><property name="user.home" value="C:\Users\grego"/><property name="user.language" value="en"/><property name="sbt.ipcsocket.tmpdir" value="C:\Users\grego\AppData\Local\Temp\.sbt6de46a64\ipcsocket"/><property name="swoval.tmpdir" value="C:\Users\grego\AppData\Local\Temp\.sbt6de46a64\swoval"/><property name="jline.esc.timeout" value="0"/><property name="path.separator" value=";"/><property name="os.version" value="10.0"/><property name="jna.nosys" value="true"/><property name="java.runtime.name" value="OpenJDK Runtime Environment"/><property name="java.vm.name" value="OpenJDK 64-Bit Server VM"/><property name="java.vendor.url.bug" value="https://github.com/adoptium/adoptium-support/issues"/><property name="user.dir" value="C:\Users\grego\OneDrive\Scala-Lynx"/><property name="os.arch" value="amd64"/><property name="java.vm.info" value="mixed mode, sharing"/><property name="java.vm.version" value="17.0.1+12"/><property name="java.class.version" value="61.0"/>
    </properties>
          <testcase classname="MySuite" name="example test that succeeds" time="0.052">
                      
                    </testcase>
          <system-out><![CDATA[]]></system-out>
          <system-err><![CDATA[]]></system-err>
        </testsuite>